[2.244s] DEBUG:colcon:Command line arguments: ['/usr/bin/colcon', 'build']
[2.244s] DEBUG:colcon:Parsed command line arguments: Namespace(allow_overriding=[], ament_cmake_args=None, base_paths=['.'], build_base='build', catkin_cmake_args=None, catkin_skip_building_tests=False, cmake_args=None, cmake_clean_cache=False, cmake_clean_first=False, cmake_force_configure=False, cmake_target=None, cmake_target_skip_unavailable=False, continue_on_error=False, event_handlers=None, executor='parallel', ignore_user_meta=False, install_base='install', log_base=None, log_level=None, main=<bound method BuildVerb.main of <colcon_core.verb.build.BuildVerb object at 0x7f3bff491bb0>>, merge_install=False, metas=['./colcon.meta'], packages_above=None, packages_above_and_dependencies=None, packages_above_depth=None, packages_end=None, packages_ignore=None, packages_ignore_regex=None, packages_select=None, packages_select_build_failed=False, packages_select_by_dep=None, packages_select_regex=None, packages_select_test_failures=False, packages_skip=None, packages_skip_build_finished=False, packages_skip_by_dep=None, packages_skip_regex=None, packages_skip_test_passed=False, packages_skip_up_to=None, packages_start=None, packages_up_to=None, packages_up_to_regex=None, parallel_workers=8, paths=None, symlink_install=False, test_result_base=None, verb_extension=<colcon_core.verb.build.BuildVerb object at 0x7f3bff491bb0>, verb_name='build', verb_parser=<colcon_defaults.argument_parser.defaults.DefaultArgumentsDecorator object at 0x7f3bff07f5b0>)
[2.471s] Level 1:colcon.colcon_core.package_discovery:discover_packages(colcon_meta) check parameters
[2.472s] Level 1:colcon.colcon_core.package_discovery:discover_packages(recursive) check parameters
[2.472s] Level 1:colcon.colcon_core.package_discovery:discover_packages(ignore) check parameters
[2.472s] Level 1:colcon.colcon_core.package_discovery:discover_packages(path) check parameters
[2.472s] Level 1:colcon.colcon_core.package_discovery:discover_packages(colcon_meta) discover
[2.472s] Level 1:colcon.colcon_core.package_discovery:discover_packages(recursive) discover
[2.472s] INFO:colcon.colcon_core.package_discovery:Crawling recursively for packages in '/home/rosel/mypkg/ros2_ws'
[2.472s] Level 1:colcon.colcon_core.package_identification:_identify(.) by extensions ['ignore', 'ignore_ament_install']
[2.472s] Level 1:colcon.colcon_core.package_identification:_identify(.) by extension 'ignore'
[2.472s] Level 1:colcon.colcon_core.package_identification:_identify(.) by extension 'ignore_ament_install'
[2.472s] Level 1:colcon.colcon_core.package_identification:_identify(.) by extensions ['colcon_pkg']
[2.472s] Level 1:colcon.colcon_core.package_identification:_identify(.) by extension 'colcon_pkg'
[2.472s] Level 1:colcon.colcon_core.package_identification:_identify(.) by extensions ['colcon_meta']
[2.472s] Level 1:colcon.colcon_core.package_identification:_identify(.) by extension 'colcon_meta'
[2.472s] Level 1:colcon.colcon_core.package_identification:_identify(.) by extensions ['ros']
[2.472s] Level 1:colcon.colcon_core.package_identification:_identify(.) by extension 'ros'
[2.483s] Level 1:colcon.colcon_core.package_identification:_identify(.) by extensions ['cmake', 'python']
[2.483s] Level 1:colcon.colcon_core.package_identification:_identify(.) by extension 'cmake'
[2.483s] Level 1:colcon.colcon_core.package_identification:_identify(.) by extension 'python'
[2.483s] Level 1:colcon.colcon_core.package_identification:_identify(.) by extensions ['python_setup_py']
[2.483s] Level 1:colcon.colcon_core.package_identification:_identify(.) by extension 'python_setup_py'
[2.483s] Level 1:colcon.colcon_core.package_identification:_identify(build) by extensions ['ignore', 'ignore_ament_install']
[2.483s] Level 1:colcon.colcon_core.package_identification:_identify(build) by extension 'ignore'
[2.483s] Level 1:colcon.colcon_core.package_identification:_identify(build) ignored
[2.483s] Level 1:colcon.colcon_core.package_identification:_identify(install) by extensions ['ignore', 'ignore_ament_install']
[2.483s] Level 1:colcon.colcon_core.package_identification:_identify(install) by extension 'ignore'
[2.483s] Level 1:colcon.colcon_core.package_identification:_identify(install) ignored
[2.483s] Level 1:colcon.colcon_core.package_identification:_identify(log) by extensions ['ignore', 'ignore_ament_install']
[2.484s] Level 1:colcon.colcon_core.package_identification:_identify(log) by extension 'ignore'
[2.484s] Level 1:colcon.colcon_core.package_identification:_identify(log) ignored
[2.484s] Level 1:colcon.colcon_core.package_identification:_identify(src) by extensions ['ignore', 'ignore_ament_install']
[2.484s] Level 1:colcon.colcon_core.package_identification:_identify(src) by extension 'ignore'
[2.484s] Level 1:colcon.colcon_core.package_identification:_identify(src) by extension 'ignore_ament_install'
[2.484s] Level 1:colcon.colcon_core.package_identification:_identify(src) by extensions ['colcon_pkg']
[2.484s] Level 1:colcon.colcon_core.package_identification:_identify(src) by extension 'colcon_pkg'
[2.484s] Level 1:colcon.colcon_core.package_identification:_identify(src) by extensions ['colcon_meta']
[2.484s] Level 1:colcon.colcon_core.package_identification:_identify(src) by extension 'colcon_meta'
[2.484s] Level 1:colcon.colcon_core.package_identification:_identify(src) by extensions ['ros']
[2.484s] Level 1:colcon.colcon_core.package_identification:_identify(src) by extension 'ros'
[2.484s] Level 1:colcon.colcon_core.package_identification:_identify(src) by extensions ['cmake', 'python']
[2.484s] Level 1:colcon.colcon_core.package_identification:_identify(src) by extension 'cmake'
[2.484s] Level 1:colcon.colcon_core.package_identification:_identify(src) by extension 'python'
[2.484s] Level 1:colcon.colcon_core.package_identification:_identify(src) by extensions ['python_setup_py']
[2.484s] Level 1:colcon.colcon_core.package_identification:_identify(src) by extension 'python_setup_py'
[2.484s] Level 1:colcon.colcon_core.package_identification:_identify(src/mypkg) by extensions ['ignore', 'ignore_ament_install']
[2.484s] Level 1:colcon.colcon_core.package_identification:_identify(src/mypkg) by extension 'ignore'
[2.484s] Level 1:colcon.colcon_core.package_identification:_identify(src/mypkg) by extension 'ignore_ament_install'
[2.484s] Level 1:colcon.colcon_core.package_identification:_identify(src/mypkg) by extensions ['colcon_pkg']
[2.484s] Level 1:colcon.colcon_core.package_identification:_identify(src/mypkg) by extension 'colcon_pkg'
[2.484s] Level 1:colcon.colcon_core.package_identification:_identify(src/mypkg) by extensions ['colcon_meta']
[2.484s] Level 1:colcon.colcon_core.package_identification:_identify(src/mypkg) by extension 'colcon_meta'
[2.484s] Level 1:colcon.colcon_core.package_identification:_identify(src/mypkg) by extensions ['ros']
[2.484s] Level 1:colcon.colcon_core.package_identification:_identify(src/mypkg) by extension 'ros'
[2.491s] DEBUG:colcon.colcon_core.package_identification:Package 'src/mypkg' with type 'ros.ament_python' and name 'mypkg'
[2.491s] Level 1:colcon.colcon_core.package_discovery:discover_packages(recursive) using defaults
[2.491s] Level 1:colcon.colcon_core.package_discovery:discover_packages(ignore) discover
[2.491s] Level 1:colcon.colcon_core.package_discovery:discover_packages(ignore) using defaults
[2.491s] Level 1:colcon.colcon_core.package_discovery:discover_packages(path) discover
[2.492s] Level 1:colcon.colcon_core.package_discovery:discover_packages(path) using defaults
[2.668s] Level 1:colcon.colcon_core.package_discovery:discover_packages(prefix_path) check parameters
[2.668s] Level 1:colcon.colcon_core.package_discovery:discover_packages(prefix_path) discover
[2.737s] DEBUG:colcon.colcon_installed_package_information.package_discovery:Found 256 installed packages in /opt/ros/foxy
[2.738s] Level 1:colcon.colcon_core.package_discovery:discover_packages(prefix_path) using defaults
[2.940s] Level 5:colcon.colcon_core.verb:set package 'mypkg' build argument 'cmake_args' from command line to 'None'
[2.940s] Level 5:colcon.colcon_core.verb:set package 'mypkg' build argument 'cmake_target' from command line to 'None'
[2.940s] Level 5:colcon.colcon_core.verb:set package 'mypkg' build argument 'cmake_target_skip_unavailable' from command line to 'False'
[2.940s] Level 5:colcon.colcon_core.verb:set package 'mypkg' build argument 'cmake_clean_cache' from command line to 'False'
[2.940s] Level 5:colcon.colcon_core.verb:set package 'mypkg' build argument 'cmake_clean_first' from command line to 'False'
[2.940s] Level 5:colcon.colcon_core.verb:set package 'mypkg' build argument 'cmake_force_configure' from command line to 'False'
[2.940s] Level 5:colcon.colcon_core.verb:set package 'mypkg' build argument 'ament_cmake_args' from command line to 'None'
[2.940s] Level 5:colcon.colcon_core.verb:set package 'mypkg' build argument 'catkin_cmake_args' from command line to 'None'
[2.940s] Level 5:colcon.colcon_core.verb:set package 'mypkg' build argument 'catkin_skip_building_tests' from command line to 'False'
[2.941s] DEBUG:colcon.colcon_core.verb:Building package 'mypkg' with the following arguments: {'ament_cmake_args': None, 'build_base': '/home/rosel/mypkg/ros2_ws/build/mypkg', 'catkin_cmake_args': None, 'catkin_skip_building_tests': False, 'cmake_args': None, 'cmake_clean_cache': False, 'cmake_clean_first': False, 'cmake_force_configure': False, 'cmake_target': None, 'cmake_target_skip_unavailable': False, 'install_base': '/home/rosel/mypkg/ros2_ws/install/mypkg', 'merge_install': False, 'path': '/home/rosel/mypkg/ros2_ws/src/mypkg', 'symlink_install': False, 'test_result_base': None}
[2.986s] INFO:colcon.colcon_core.executor:Executing jobs using 'parallel' executor
[3.034s] DEBUG:colcon.colcon_parallel_executor.executor.parallel:run_until_complete
[3.034s] INFO:colcon.colcon_ros.task.ament_python.build:Building ROS package in '/home/rosel/mypkg/ros2_ws/src/mypkg' with build type 'ament_python'
[3.035s] Level 1:colcon.colcon_core.shell:create_environment_hook('mypkg', 'ament_prefix_path')
[3.121s] INFO:colcon.colcon_core.plugin_system:Skipping extension 'colcon_core.shell.bat': Not used on non-Windows systems
[3.122s] INFO:colcon.colcon_core.shell:Creating environment hook '/home/rosel/mypkg/ros2_ws/install/mypkg/share/mypkg/hook/ament_prefix_path.ps1'
[3.125s] INFO:colcon.colcon_core.shell:Creating environment descriptor '/home/rosel/mypkg/ros2_ws/install/mypkg/share/mypkg/hook/ament_prefix_path.dsv'
[3.127s] INFO:colcon.colcon_core.shell:Creating environment hook '/home/rosel/mypkg/ros2_ws/install/mypkg/share/mypkg/hook/ament_prefix_path.sh'
[3.178s] INFO:colcon.colcon_core.shell:Skip shell extension 'powershell' for command environment: Not usable outside of PowerShell
[3.178s] DEBUG:colcon.colcon_core.shell:Skip shell extension 'dsv' for command environment
[3.557s] INFO:colcon.colcon_core.task.python.build:Building Python package in '/home/rosel/mypkg/ros2_ws/src/mypkg'
[3.584s] INFO:colcon.colcon_core.shell:Skip shell extension 'powershell' for command environment: Not usable outside of PowerShell
[3.584s] DEBUG:colcon.colcon_core.shell:Skip shell extension 'dsv' for command environment
[4.241s] DEBUG:colcon.colcon_core.event_handler.log_command:Invoking command in '/home/rosel/mypkg/ros2_ws/src/mypkg': PYTHONPATH=/home/rosel/mypkg/ros2_ws/build/mypkg/prefix_override:/home/rosel/mypkg/ros2_ws/install/mypkg/lib/python3.8/site-packages:${PYTHONPATH} /usr/bin/python3 setup.py egg_info --egg-base ../../build/mypkg build --build-base /home/rosel/mypkg/ros2_ws/build/mypkg/build install --record /home/rosel/mypkg/ros2_ws/build/mypkg/install.log --install-scripts $base/lib/mypkg --single-version-externally-managed
[4.572s] DEBUG:colcon.colcon_core.event_handler.log_command:Invoked command in '/home/rosel/mypkg/ros2_ws/src/mypkg' returned '0': PYTHONPATH=/home/rosel/mypkg/ros2_ws/build/mypkg/prefix_override:/home/rosel/mypkg/ros2_ws/install/mypkg/lib/python3.8/site-packages:${PYTHONPATH} /usr/bin/python3 setup.py egg_info --egg-base ../../build/mypkg build --build-base /home/rosel/mypkg/ros2_ws/build/mypkg/build install --record /home/rosel/mypkg/ros2_ws/build/mypkg/install.log --install-scripts $base/lib/mypkg --single-version-externally-managed
[4.614s] Level 1:colcon.colcon_core.environment:checking '/home/rosel/mypkg/ros2_ws/install/mypkg' for CMake module files
[4.615s] Level 1:colcon.colcon_core.environment:checking '/home/rosel/mypkg/ros2_ws/install/mypkg' for CMake config files
[4.616s] Level 1:colcon.colcon_core.environment:checking '/home/rosel/mypkg/ros2_ws/install/mypkg/lib'
[4.616s] Level 1:colcon.colcon_core.environment:checking '/home/rosel/mypkg/ros2_ws/install/mypkg/bin'
[4.616s] Level 1:colcon.colcon_core.environment:checking '/home/rosel/mypkg/ros2_ws/install/mypkg/lib/pkgconfig/mypkg.pc'
[4.616s] Level 1:colcon.colcon_core.environment:checking '/home/rosel/mypkg/ros2_ws/install/mypkg/lib/python3.8/site-packages'
[4.616s] Level 1:colcon.colcon_core.shell:create_environment_hook('mypkg', 'pythonpath')
[4.644s] INFO:colcon.colcon_core.shell:Creating environment hook '/home/rosel/mypkg/ros2_ws/install/mypkg/share/mypkg/hook/pythonpath.ps1'
[4.645s] INFO:colcon.colcon_core.shell:Creating environment descriptor '/home/rosel/mypkg/ros2_ws/install/mypkg/share/mypkg/hook/pythonpath.dsv'
[4.645s] INFO:colcon.colcon_core.shell:Creating environment hook '/home/rosel/mypkg/ros2_ws/install/mypkg/share/mypkg/hook/pythonpath.sh'
[4.645s] Level 1:colcon.colcon_core.environment:checking '/home/rosel/mypkg/ros2_ws/install/mypkg/bin'
[4.645s] Level 1:colcon.colcon_core.environment:create_environment_scripts_only(mypkg)
[4.671s] INFO:colcon.colcon_core.shell:Creating package script '/home/rosel/mypkg/ros2_ws/install/mypkg/share/mypkg/package.ps1'
[4.673s] INFO:colcon.colcon_core.shell:Creating package descriptor '/home/rosel/mypkg/ros2_ws/install/mypkg/share/mypkg/package.dsv'
[4.674s] INFO:colcon.colcon_core.shell:Creating package script '/home/rosel/mypkg/ros2_ws/install/mypkg/share/mypkg/package.sh'
[4.675s] INFO:colcon.colcon_core.shell:Creating package script '/home/rosel/mypkg/ros2_ws/install/mypkg/share/mypkg/package.bash'
[4.677s] INFO:colcon.colcon_core.shell:Creating package script '/home/rosel/mypkg/ros2_ws/install/mypkg/share/mypkg/package.zsh'
[4.678s] Level 1:colcon.colcon_core.environment:create_file_with_runtime_dependencies(/home/rosel/mypkg/ros2_ws/install/mypkg/share/colcon-core/packages/mypkg)
[4.679s] DEBUG:colcon.colcon_parallel_executor.executor.parallel:closing loop
[4.679s] DEBUG:colcon.colcon_parallel_executor.executor.parallel:loop closed
[4.679s] DEBUG:colcon.colcon_parallel_executor.executor.parallel:run_until_complete finished with '0'
[4.680s] DEBUG:colcon.colcon_core.event_reactor:joining thread
[4.778s] INFO:colcon.colcon_core.plugin_system:Skipping extension 'colcon_notification.desktop_notification.notify_send': Could not find 'notify-send'
[4.778s] INFO:colcon.colcon_core.plugin_system:Skipping extension 'colcon_notification.desktop_notification.terminal_notifier': Not used on non-Darwin systems
[4.778s] INFO:colcon.colcon_core.plugin_system:Skipping extension 'colcon_notification.desktop_notification.win32': Not used on non-Windows systems
[4.778s] INFO:colcon.colcon_notification.desktop_notification:Sending desktop notification using 'notify2'
[5.787s] DEBUG:colcon.colcon_notification.desktop_notification.notify2:Failed to initialize notify2: org.freedesktop.DBus.Error.ServiceUnknown: The name org.freedesktop.Notifications was not provided by any .service files
[5.787s] DEBUG:colcon.colcon_core.event_reactor:joined thread
[5.815s] INFO:colcon.colcon_core.shell:Creating prefix script '/home/rosel/mypkg/ros2_ws/install/local_setup.ps1'
[5.816s] INFO:colcon.colcon_core.shell:Creating prefix util module '/home/rosel/mypkg/ros2_ws/install/_local_setup_util_ps1.py'
[5.818s] INFO:colcon.colcon_core.shell:Creating prefix chain script '/home/rosel/mypkg/ros2_ws/install/setup.ps1'
[5.844s] INFO:colcon.colcon_core.shell:Creating prefix script '/home/rosel/mypkg/ros2_ws/install/local_setup.sh'
[5.845s] INFO:colcon.colcon_core.shell:Creating prefix util module '/home/rosel/mypkg/ros2_ws/install/_local_setup_util_sh.py'
[5.845s] INFO:colcon.colcon_core.shell:Creating prefix chain script '/home/rosel/mypkg/ros2_ws/install/setup.sh'
[5.885s] INFO:colcon.colcon_core.shell:Creating prefix script '/home/rosel/mypkg/ros2_ws/install/local_setup.bash'
[5.886s] INFO:colcon.colcon_core.shell:Creating prefix chain script '/home/rosel/mypkg/ros2_ws/install/setup.bash'
[5.915s] INFO:colcon.colcon_core.shell:Creating prefix script '/home/rosel/mypkg/ros2_ws/install/local_setup.zsh'
[5.917s] INFO:colcon.colcon_core.shell:Creating prefix chain script '/home/rosel/mypkg/ros2_ws/install/setup.zsh'
