[0.746s] Invoking command in '/home/rosel/mypkg/ros2_ws/src/mypkg': PYTHONPATH=/home/rosel/mypkg/ros2_ws/build/mypkg/prefix_override:/home/rosel/mypkg/ros2_ws/install/mypkg/lib/python3.8/site-packages:${PYTHONPATH} /usr/bin/python3 setup.py egg_info --egg-base ../../build/mypkg build --build-base /home/rosel/mypkg/ros2_ws/build/mypkg/build install --record /home/rosel/mypkg/ros2_ws/build/mypkg/install.log --install-scripts $base/lib/mypkg --single-version-externally-managed
[0.960s] running egg_info
[0.961s] writing ../../build/mypkg/mypkg.egg-info/PKG-INFO
[0.961s] writing dependency_links to ../../build/mypkg/mypkg.egg-info/dependency_links.txt
[0.961s] writing entry points to ../../build/mypkg/mypkg.egg-info/entry_points.txt
[0.961s] writing requirements to ../../build/mypkg/mypkg.egg-info/requires.txt
[0.961s] writing top-level names to ../../build/mypkg/mypkg.egg-info/top_level.txt
[0.997s] reading manifest file '../../build/mypkg/mypkg.egg-info/SOURCES.txt'
[0.998s] writing manifest file '../../build/mypkg/mypkg.egg-info/SOURCES.txt'
[0.998s] running build
[0.998s] running build_py
[0.998s] copying mypkg/talker.py -> /home/rosel/mypkg/ros2_ws/build/mypkg/build/lib/mypkg
[0.998s] running install
[0.999s] running install_lib
[1.000s] copying /home/rosel/mypkg/ros2_ws/build/mypkg/build/lib/mypkg/talker.py -> /home/rosel/mypkg/ros2_ws/install/mypkg/lib/python3.8/site-packages/mypkg
[1.000s] byte-compiling /home/rosel/mypkg/ros2_ws/install/mypkg/lib/python3.8/site-packages/mypkg/talker.py to talker.cpython-38.pyc
[1.002s] running install_data
[1.003s] running install_egg_info
[1.004s] removing '/home/rosel/mypkg/ros2_ws/install/mypkg/lib/python3.8/site-packages/mypkg-0.0.0-py3.8.egg-info' (and everything under it)
[1.004s] Copying ../../build/mypkg/mypkg.egg-info to /home/rosel/mypkg/ros2_ws/install/mypkg/lib/python3.8/site-packages/mypkg-0.0.0-py3.8.egg-info
[1.005s] running install_scripts
[1.022s] Installing talker script to /home/rosel/mypkg/ros2_ws/install/mypkg/lib/mypkg
[1.023s] writing list of installed files to '/home/rosel/mypkg/ros2_ws/build/mypkg/install.log'
[1.049s] Invoked command in '/home/rosel/mypkg/ros2_ws/src/mypkg' returned '0': PYTHONPATH=/home/rosel/mypkg/ros2_ws/build/mypkg/prefix_override:/home/rosel/mypkg/ros2_ws/install/mypkg/lib/python3.8/site-packages:${PYTHONPATH} /usr/bin/python3 setup.py egg_info --egg-base ../../build/mypkg build --build-base /home/rosel/mypkg/ros2_ws/build/mypkg/build install --record /home/rosel/mypkg/ros2_ws/build/mypkg/install.log --install-scripts $base/lib/mypkg --single-version-externally-managed
