[0.757s] Invoking command in '/home/rosel/mypkg/ros2_ws/src/mypkg': PYTHONPATH=/home/rosel/mypkg/ros2_ws/build/mypkg/prefix_override:/home/rosel/mypkg/ros2_ws/install/mypkg/lib/python3.8/site-packages:${PYTHONPATH} /usr/bin/python3 setup.py egg_info --egg-base ../../build/mypkg build --build-base /home/rosel/mypkg/ros2_ws/build/mypkg/build install --record /home/rosel/mypkg/ros2_ws/build/mypkg/install.log --install-scripts $base/lib/mypkg --single-version-externally-managed
[0.958s] running egg_info
[0.959s] writing ../../build/mypkg/mypkg.egg-info/PKG-INFO
[0.960s] writing dependency_links to ../../build/mypkg/mypkg.egg-info/dependency_links.txt
[0.960s] writing entry points to ../../build/mypkg/mypkg.egg-info/entry_points.txt
[0.960s] writing requirements to ../../build/mypkg/mypkg.egg-info/requires.txt
[0.960s] writing top-level names to ../../build/mypkg/mypkg.egg-info/top_level.txt
[1.010s] reading manifest file '../../build/mypkg/mypkg.egg-info/SOURCES.txt'
[1.011s] writing manifest file '../../build/mypkg/mypkg.egg-info/SOURCES.txt'
[1.011s] running build
[1.011s] running build_py
[1.011s] running install
[1.012s] running install_lib
[1.013s] running install_data
[1.014s] running install_egg_info
[1.016s] removing '/home/rosel/mypkg/ros2_ws/install/mypkg/lib/python3.8/site-packages/mypkg-0.0.0-py3.8.egg-info' (and everything under it)
[1.016s] Copying ../../build/mypkg/mypkg.egg-info to /home/rosel/mypkg/ros2_ws/install/mypkg/lib/python3.8/site-packages/mypkg-0.0.0-py3.8.egg-info
[1.017s] running install_scripts
[1.040s] Installing listener script to /home/rosel/mypkg/ros2_ws/install/mypkg/lib/mypkg
[1.040s] Installing talker script to /home/rosel/mypkg/ros2_ws/install/mypkg/lib/mypkg
[1.040s] writing list of installed files to '/home/rosel/mypkg/ros2_ws/build/mypkg/install.log'
[1.060s] Invoked command in '/home/rosel/mypkg/ros2_ws/src/mypkg' returned '0': PYTHONPATH=/home/rosel/mypkg/ros2_ws/build/mypkg/prefix_override:/home/rosel/mypkg/ros2_ws/install/mypkg/lib/python3.8/site-packages:${PYTHONPATH} /usr/bin/python3 setup.py egg_info --egg-base ../../build/mypkg build --build-base /home/rosel/mypkg/ros2_ws/build/mypkg/build install --record /home/rosel/mypkg/ros2_ws/build/mypkg/install.log --install-scripts $base/lib/mypkg --single-version-externally-managed
