[0.635s] Invoking command in '/home/rosel/mypkg/ros2_ws/src/mypkg': PYTHONPATH=/home/rosel/mypkg/ros2_ws/build/mypkg/prefix_override:/home/rosel/mypkg/ros2_ws/install/mypkg/lib/python3.8/site-packages:${PYTHONPATH} /usr/bin/python3 setup.py egg_info --egg-base ../../build/mypkg build --build-base /home/rosel/mypkg/ros2_ws/build/mypkg/build install --record /home/rosel/mypkg/ros2_ws/build/mypkg/install.log --install-scripts $base/lib/mypkg --single-version-externally-managed
[0.813s] running egg_info
[0.813s] writing ../../build/mypkg/mypkg.egg-info/PKG-INFO
[0.813s] writing dependency_links to ../../build/mypkg/mypkg.egg-info/dependency_links.txt
[0.813s] writing entry points to ../../build/mypkg/mypkg.egg-info/entry_points.txt
[0.814s] writing requirements to ../../build/mypkg/mypkg.egg-info/requires.txt
[0.814s] writing top-level names to ../../build/mypkg/mypkg.egg-info/top_level.txt
[0.842s] reading manifest file '../../build/mypkg/mypkg.egg-info/SOURCES.txt'
[0.843s] writing manifest file '../../build/mypkg/mypkg.egg-info/SOURCES.txt'
[0.843s] running build
[0.843s] running build_py
[0.844s] running install
[0.844s] running install_lib
[0.846s] running install_data
[0.846s] running install_egg_info
[0.849s] removing '/home/rosel/mypkg/ros2_ws/install/mypkg/lib/python3.8/site-packages/mypkg-0.0.0-py3.8.egg-info' (and everything under it)
[0.849s] Copying ../../build/mypkg/mypkg.egg-info to /home/rosel/mypkg/ros2_ws/install/mypkg/lib/python3.8/site-packages/mypkg-0.0.0-py3.8.egg-info
[0.850s] running install_scripts
[0.865s] Installing listener script to /home/rosel/mypkg/ros2_ws/install/mypkg/lib/mypkg
[0.865s] Installing talker script to /home/rosel/mypkg/ros2_ws/install/mypkg/lib/mypkg
[0.866s] writing list of installed files to '/home/rosel/mypkg/ros2_ws/build/mypkg/install.log'
[0.885s] Invoked command in '/home/rosel/mypkg/ros2_ws/src/mypkg' returned '0': PYTHONPATH=/home/rosel/mypkg/ros2_ws/build/mypkg/prefix_override:/home/rosel/mypkg/ros2_ws/install/mypkg/lib/python3.8/site-packages:${PYTHONPATH} /usr/bin/python3 setup.py egg_info --egg-base ../../build/mypkg build --build-base /home/rosel/mypkg/ros2_ws/build/mypkg/build install --record /home/rosel/mypkg/ros2_ws/build/mypkg/install.log --install-scripts $base/lib/mypkg --single-version-externally-managed
