[0.731s] Invoking command in '/home/rosel/mypkg/ros2_ws/src/mypkg': PYTHONPATH=/home/rosel/mypkg/ros2_ws/build/mypkg/prefix_override:/home/rosel/mypkg/ros2_ws/install/mypkg/lib/python3.8/site-packages:${PYTHONPATH} /usr/bin/python3 setup.py egg_info --egg-base ../../build/mypkg build --build-base /home/rosel/mypkg/ros2_ws/build/mypkg/build install --record /home/rosel/mypkg/ros2_ws/build/mypkg/install.log --install-scripts $base/lib/mypkg --single-version-externally-managed
[0.905s] running egg_info
[0.906s] writing ../../build/mypkg/mypkg.egg-info/PKG-INFO
[0.906s] writing dependency_links to ../../build/mypkg/mypkg.egg-info/dependency_links.txt
[0.906s] writing entry points to ../../build/mypkg/mypkg.egg-info/entry_points.txt
[0.906s] writing requirements to ../../build/mypkg/mypkg.egg-info/requires.txt
[0.906s] writing top-level names to ../../build/mypkg/mypkg.egg-info/top_level.txt
[0.944s] reading manifest file '../../build/mypkg/mypkg.egg-info/SOURCES.txt'
[0.945s] writing manifest file '../../build/mypkg/mypkg.egg-info/SOURCES.txt'
[0.946s] running build
[0.946s] running build_py
[0.946s] copying mypkg/listener.py -> /home/rosel/mypkg/ros2_ws/build/mypkg/build/lib/mypkg
[0.946s] running install
[0.948s] running install_lib
[0.949s] copying /home/rosel/mypkg/ros2_ws/build/mypkg/build/lib/mypkg/listener.py -> /home/rosel/mypkg/ros2_ws/install/mypkg/lib/python3.8/site-packages/mypkg
[0.950s] byte-compiling /home/rosel/mypkg/ros2_ws/install/mypkg/lib/python3.8/site-packages/mypkg/listener.py to listener.cpython-38.pyc
[0.952s] running install_data
[0.952s] copying package.xml -> /home/rosel/mypkg/ros2_ws/install/mypkg/share/mypkg
[0.953s] running install_egg_info
[0.954s] removing '/home/rosel/mypkg/ros2_ws/install/mypkg/lib/python3.8/site-packages/mypkg-0.0.0-py3.8.egg-info' (and everything under it)
[0.955s] Copying ../../build/mypkg/mypkg.egg-info to /home/rosel/mypkg/ros2_ws/install/mypkg/lib/python3.8/site-packages/mypkg-0.0.0-py3.8.egg-info
[0.955s] running install_scripts
[0.970s] Installing listener script to /home/rosel/mypkg/ros2_ws/install/mypkg/lib/mypkg
[0.970s] Installing talker script to /home/rosel/mypkg/ros2_ws/install/mypkg/lib/mypkg
[0.971s] writing list of installed files to '/home/rosel/mypkg/ros2_ws/build/mypkg/install.log'
[0.991s] Invoked command in '/home/rosel/mypkg/ros2_ws/src/mypkg' returned '0': PYTHONPATH=/home/rosel/mypkg/ros2_ws/build/mypkg/prefix_override:/home/rosel/mypkg/ros2_ws/install/mypkg/lib/python3.8/site-packages:${PYTHONPATH} /usr/bin/python3 setup.py egg_info --egg-base ../../build/mypkg build --build-base /home/rosel/mypkg/ros2_ws/build/mypkg/build install --record /home/rosel/mypkg/ros2_ws/build/mypkg/install.log --install-scripts $base/lib/mypkg --single-version-externally-managed
