[0.648s] Invoking command in '/home/rosel/mypkg/ros2_ws/src/mypkg': PYTHONPATH=/home/rosel/mypkg/ros2_ws/build/mypkg/prefix_override:/home/rosel/mypkg/ros2_ws/install/mypkg/lib/python3.8/site-packages:${PYTHONPATH} /usr/bin/python3 setup.py egg_info --egg-base ../../build/mypkg build --build-base /home/rosel/mypkg/ros2_ws/build/mypkg/build install --record /home/rosel/mypkg/ros2_ws/build/mypkg/install.log --install-scripts $base/lib/mypkg --single-version-externally-managed
[0.817s] running egg_info
[0.818s] writing ../../build/mypkg/mypkg.egg-info/PKG-INFO
[0.819s] writing dependency_links to ../../build/mypkg/mypkg.egg-info/dependency_links.txt
[0.819s] writing entry points to ../../build/mypkg/mypkg.egg-info/entry_points.txt
[0.819s] writing requirements to ../../build/mypkg/mypkg.egg-info/requires.txt
[0.819s] writing top-level names to ../../build/mypkg/mypkg.egg-info/top_level.txt
[0.864s] reading manifest file '../../build/mypkg/mypkg.egg-info/SOURCES.txt'
[0.865s] writing manifest file '../../build/mypkg/mypkg.egg-info/SOURCES.txt'
[0.865s] running build
[0.866s] running build_py
[0.866s] running install
[0.867s] running install_lib
[0.868s] running install_data
[0.868s] running install_egg_info
[0.870s] removing '/home/rosel/mypkg/ros2_ws/install/mypkg/lib/python3.8/site-packages/mypkg-0.0.0-py3.8.egg-info' (and everything under it)
[0.870s] Copying ../../build/mypkg/mypkg.egg-info to /home/rosel/mypkg/ros2_ws/install/mypkg/lib/python3.8/site-packages/mypkg-0.0.0-py3.8.egg-info
[0.871s] running install_scripts
[0.888s] Installing listener script to /home/rosel/mypkg/ros2_ws/install/mypkg/lib/mypkg
[0.889s] Installing talker script to /home/rosel/mypkg/ros2_ws/install/mypkg/lib/mypkg
[0.889s] writing list of installed files to '/home/rosel/mypkg/ros2_ws/build/mypkg/install.log'
[0.914s] Invoked command in '/home/rosel/mypkg/ros2_ws/src/mypkg' returned '0': PYTHONPATH=/home/rosel/mypkg/ros2_ws/build/mypkg/prefix_override:/home/rosel/mypkg/ros2_ws/install/mypkg/lib/python3.8/site-packages:${PYTHONPATH} /usr/bin/python3 setup.py egg_info --egg-base ../../build/mypkg build --build-base /home/rosel/mypkg/ros2_ws/build/mypkg/build install --record /home/rosel/mypkg/ros2_ws/build/mypkg/install.log --install-scripts $base/lib/mypkg --single-version-externally-managed
