[0.680s] Invoking command in '/home/rosel/mypkg/ros2_ws/src/mypkg': PYTHONPATH=/home/rosel/mypkg/ros2_ws/build/mypkg/prefix_override:/home/rosel/mypkg/ros2_ws/install/mypkg/lib/python3.8/site-packages:${PYTHONPATH} /usr/bin/python3 setup.py egg_info --egg-base ../../build/mypkg build --build-base /home/rosel/mypkg/ros2_ws/build/mypkg/build install --record /home/rosel/mypkg/ros2_ws/build/mypkg/install.log --install-scripts $base/lib/mypkg --single-version-externally-managed
[0.923s] running egg_info
[0.923s] writing ../../build/mypkg/mypkg.egg-info/PKG-INFO
[0.923s] writing dependency_links to ../../build/mypkg/mypkg.egg-info/dependency_links.txt
[0.924s] writing entry points to ../../build/mypkg/mypkg.egg-info/entry_points.txt
[0.924s] writing requirements to ../../build/mypkg/mypkg.egg-info/requires.txt
[0.924s] writing top-level names to ../../build/mypkg/mypkg.egg-info/top_level.txt
[0.963s] reading manifest file '../../build/mypkg/mypkg.egg-info/SOURCES.txt'
[0.963s] writing manifest file '../../build/mypkg/mypkg.egg-info/SOURCES.txt'
[0.964s] running build
[0.964s] running build_py
[0.964s] copying mypkg/talker.py -> /home/rosel/mypkg/ros2_ws/build/mypkg/build/lib/mypkg
[0.965s] running install
[0.966s] running install_lib
[0.967s] copying /home/rosel/mypkg/ros2_ws/build/mypkg/build/lib/mypkg/talker.py -> /home/rosel/mypkg/ros2_ws/install/mypkg/lib/python3.8/site-packages/mypkg
[0.968s] byte-compiling /home/rosel/mypkg/ros2_ws/install/mypkg/lib/python3.8/site-packages/mypkg/talker.py to talker.cpython-38.pyc
[0.970s]   File "/home/rosel/mypkg/ros2_ws/install/mypkg/lib/python3.8/site-packages/mypkg/talker.py", line 13
[0.970s]     10 def cb():          #17行目で定期実行されるコールバック関数
[0.970s]        ^
[0.970s] SyntaxError: invalid syntax
[0.970s] 
[0.970s] running install_data
[0.971s] copying package.xml -> /home/rosel/mypkg/ros2_ws/install/mypkg/share/mypkg
[0.971s] running install_egg_info
[0.972s] removing '/home/rosel/mypkg/ros2_ws/install/mypkg/lib/python3.8/site-packages/mypkg-0.0.0-py3.8.egg-info' (and everything under it)
[0.973s] Copying ../../build/mypkg/mypkg.egg-info to /home/rosel/mypkg/ros2_ws/install/mypkg/lib/python3.8/site-packages/mypkg-0.0.0-py3.8.egg-info
[0.973s] running install_scripts
[0.993s] Installing talker script to /home/rosel/mypkg/ros2_ws/install/mypkg/lib/mypkg
[0.993s] writing list of installed files to '/home/rosel/mypkg/ros2_ws/build/mypkg/install.log'
[1.011s] Invoked command in '/home/rosel/mypkg/ros2_ws/src/mypkg' returned '0': PYTHONPATH=/home/rosel/mypkg/ros2_ws/build/mypkg/prefix_override:/home/rosel/mypkg/ros2_ws/install/mypkg/lib/python3.8/site-packages:${PYTHONPATH} /usr/bin/python3 setup.py egg_info --egg-base ../../build/mypkg build --build-base /home/rosel/mypkg/ros2_ws/build/mypkg/build install --record /home/rosel/mypkg/ros2_ws/build/mypkg/install.log --install-scripts $base/lib/mypkg --single-version-externally-managed
