[0.434s] Invoking command in '/home/rosel/mypkg/ros2_ws/src/mypkg': PYTHONPATH=/home/rosel/mypkg/ros2_ws/build/mypkg/prefix_override:/home/rosel/mypkg/ros2_ws/install/mypkg/lib/python3.8/site-packages:${PYTHONPATH} /usr/bin/python3 setup.py egg_info --egg-base ../../build/mypkg build --build-base /home/rosel/mypkg/ros2_ws/build/mypkg/build install --record /home/rosel/mypkg/ros2_ws/build/mypkg/install.log --install-scripts $base/lib/mypkg --single-version-externally-managed
[0.546s] running egg_info
[0.546s] writing ../../build/mypkg/mypkg.egg-info/PKG-INFO
[0.546s] writing dependency_links to ../../build/mypkg/mypkg.egg-info/dependency_links.txt
[0.547s] writing entry points to ../../build/mypkg/mypkg.egg-info/entry_points.txt
[0.547s] writing requirements to ../../build/mypkg/mypkg.egg-info/requires.txt
[0.547s] writing top-level names to ../../build/mypkg/mypkg.egg-info/top_level.txt
[0.567s] reading manifest file '../../build/mypkg/mypkg.egg-info/SOURCES.txt'
[0.567s] writing manifest file '../../build/mypkg/mypkg.egg-info/SOURCES.txt'
[0.567s] running build
[0.568s] running build_py
[0.568s] running install
[0.568s] running install_lib
[0.569s] running install_data
[0.570s] copying package.xml -> /home/rosel/mypkg/ros2_ws/install/mypkg/share/mypkg
[0.570s] copying launch/talk_listen.launch.py -> /home/rosel/mypkg/ros2_ws/install/mypkg/share/mypkg
[0.570s] running install_egg_info
[0.571s] Copying ../../build/mypkg/mypkg.egg-info to /home/rosel/mypkg/ros2_ws/install/mypkg/lib/python3.8/site-packages/mypkg-1.0.0-py3.8.egg-info
[0.572s] running install_scripts
[0.582s] Installing listener script to /home/rosel/mypkg/ros2_ws/install/mypkg/lib/mypkg
[0.582s] Installing talker script to /home/rosel/mypkg/ros2_ws/install/mypkg/lib/mypkg
[0.582s] writing list of installed files to '/home/rosel/mypkg/ros2_ws/build/mypkg/install.log'
[0.595s] Invoked command in '/home/rosel/mypkg/ros2_ws/src/mypkg' returned '0': PYTHONPATH=/home/rosel/mypkg/ros2_ws/build/mypkg/prefix_override:/home/rosel/mypkg/ros2_ws/install/mypkg/lib/python3.8/site-packages:${PYTHONPATH} /usr/bin/python3 setup.py egg_info --egg-base ../../build/mypkg build --build-base /home/rosel/mypkg/ros2_ws/build/mypkg/build install --record /home/rosel/mypkg/ros2_ws/build/mypkg/install.log --install-scripts $base/lib/mypkg --single-version-externally-managed
