[0.615s] Invoking command in '/home/rosel/mypkg/ros2_ws/src/mypkg': PYTHONPATH=/home/rosel/mypkg/ros2_ws/build/mypkg/prefix_override:/home/rosel/mypkg/ros2_ws/install/mypkg/lib/python3.8/site-packages:${PYTHONPATH} /usr/bin/python3 setup.py egg_info --egg-base ../../build/mypkg build --build-base /home/rosel/mypkg/ros2_ws/build/mypkg/build install --record /home/rosel/mypkg/ros2_ws/build/mypkg/install.log --install-scripts $base/lib/mypkg --single-version-externally-managed
[0.793s] running egg_info
[0.793s] writing ../../build/mypkg/mypkg.egg-info/PKG-INFO
[0.794s] writing dependency_links to ../../build/mypkg/mypkg.egg-info/dependency_links.txt
[0.794s] writing entry points to ../../build/mypkg/mypkg.egg-info/entry_points.txt
[0.794s] writing requirements to ../../build/mypkg/mypkg.egg-info/requires.txt
[0.795s] writing top-level names to ../../build/mypkg/mypkg.egg-info/top_level.txt
[0.823s] reading manifest file '../../build/mypkg/mypkg.egg-info/SOURCES.txt'
[0.824s] writing manifest file '../../build/mypkg/mypkg.egg-info/SOURCES.txt'
[0.824s] running build
[0.824s] running build_py
[0.825s] running install
[0.826s] running install_lib
[0.827s] running install_data
[0.827s] copying package.xml -> /home/rosel/mypkg/ros2_ws/install/mypkg/share/mypkg
[0.828s] running install_egg_info
[0.829s] removing '/home/rosel/mypkg/ros2_ws/install/mypkg/lib/python3.8/site-packages/mypkg-0.0.0-py3.8.egg-info' (and everything under it)
[0.830s] Copying ../../build/mypkg/mypkg.egg-info to /home/rosel/mypkg/ros2_ws/install/mypkg/lib/python3.8/site-packages/mypkg-0.0.0-py3.8.egg-info
[0.830s] running install_scripts
[0.847s] Installing listener script to /home/rosel/mypkg/ros2_ws/install/mypkg/lib/mypkg
[0.847s] Installing talker script to /home/rosel/mypkg/ros2_ws/install/mypkg/lib/mypkg
[0.848s] writing list of installed files to '/home/rosel/mypkg/ros2_ws/build/mypkg/install.log'
[0.869s] Invoked command in '/home/rosel/mypkg/ros2_ws/src/mypkg' returned '0': PYTHONPATH=/home/rosel/mypkg/ros2_ws/build/mypkg/prefix_override:/home/rosel/mypkg/ros2_ws/install/mypkg/lib/python3.8/site-packages:${PYTHONPATH} /usr/bin/python3 setup.py egg_info --egg-base ../../build/mypkg build --build-base /home/rosel/mypkg/ros2_ws/build/mypkg/build install --record /home/rosel/mypkg/ros2_ws/build/mypkg/install.log --install-scripts $base/lib/mypkg --single-version-externally-managed
