[1.206s] Invoking command in '/home/rosel/mypkg/ros2_ws/src/mypkg': PYTHONPATH=/home/rosel/mypkg/ros2_ws/build/mypkg/prefix_override:/home/rosel/mypkg/ros2_ws/install/mypkg/lib/python3.8/site-packages:${PYTHONPATH} /usr/bin/python3 setup.py egg_info --egg-base ../../build/mypkg build --build-base /home/rosel/mypkg/ros2_ws/build/mypkg/build install --record /home/rosel/mypkg/ros2_ws/build/mypkg/install.log --install-scripts $base/lib/mypkg --single-version-externally-managed
[1.385s] running egg_info
[1.386s] creating ../../build/mypkg/mypkg.egg-info
[1.388s] writing ../../build/mypkg/mypkg.egg-info/PKG-INFO
[1.388s] writing dependency_links to ../../build/mypkg/mypkg.egg-info/dependency_links.txt
[1.388s] writing entry points to ../../build/mypkg/mypkg.egg-info/entry_points.txt
[1.388s] writing requirements to ../../build/mypkg/mypkg.egg-info/requires.txt
[1.388s] writing top-level names to ../../build/mypkg/mypkg.egg-info/top_level.txt
[1.440s] writing manifest file '../../build/mypkg/mypkg.egg-info/SOURCES.txt'
[1.496s] reading manifest file '../../build/mypkg/mypkg.egg-info/SOURCES.txt'
[1.496s] writing manifest file '../../build/mypkg/mypkg.egg-info/SOURCES.txt'
[1.496s] running build
[1.497s] running build_py
[1.497s] creating /home/rosel/mypkg/ros2_ws/build/mypkg/build
[1.497s] creating /home/rosel/mypkg/ros2_ws/build/mypkg/build/lib
[1.498s] creating /home/rosel/mypkg/ros2_ws/build/mypkg/build/lib/mypkg
[1.498s] copying mypkg/__init__.py -> /home/rosel/mypkg/ros2_ws/build/mypkg/build/lib/mypkg
[1.498s] running install
[1.498s] running install_lib
[1.499s] creating /home/rosel/mypkg/ros2_ws/install/mypkg/lib/python3.8/site-packages/mypkg
[1.500s] copying /home/rosel/mypkg/ros2_ws/build/mypkg/build/lib/mypkg/__init__.py -> /home/rosel/mypkg/ros2_ws/install/mypkg/lib/python3.8/site-packages/mypkg
[1.500s] byte-compiling /home/rosel/mypkg/ros2_ws/install/mypkg/lib/python3.8/site-packages/mypkg/__init__.py to __init__.cpython-38.pyc
[1.501s] running install_data
[1.502s] creating /home/rosel/mypkg/ros2_ws/install/mypkg/share/ament_index
[1.502s] creating /home/rosel/mypkg/ros2_ws/install/mypkg/share/ament_index/resource_index
[1.502s] creating /home/rosel/mypkg/ros2_ws/install/mypkg/share/ament_index/resource_index/packages
[1.502s] copying resource/mypkg -> /home/rosel/mypkg/ros2_ws/install/mypkg/share/ament_index/resource_index/packages
[1.502s] copying package.xml -> /home/rosel/mypkg/ros2_ws/install/mypkg/share/mypkg
[1.502s] running install_egg_info
[1.503s] Copying ../../build/mypkg/mypkg.egg-info to /home/rosel/mypkg/ros2_ws/install/mypkg/lib/python3.8/site-packages/mypkg-0.0.0-py3.8.egg-info
[1.504s] running install_scripts
[1.519s] writing list of installed files to '/home/rosel/mypkg/ros2_ws/build/mypkg/install.log'
[1.537s] Invoked command in '/home/rosel/mypkg/ros2_ws/src/mypkg' returned '0': PYTHONPATH=/home/rosel/mypkg/ros2_ws/build/mypkg/prefix_override:/home/rosel/mypkg/ros2_ws/install/mypkg/lib/python3.8/site-packages:${PYTHONPATH} /usr/bin/python3 setup.py egg_info --egg-base ../../build/mypkg build --build-base /home/rosel/mypkg/ros2_ws/build/mypkg/build install --record /home/rosel/mypkg/ros2_ws/build/mypkg/install.log --install-scripts $base/lib/mypkg --single-version-externally-managed
